
  .   ____          _            __ _ _
 /\\ / ___'_ __ _ _(_)_ __  __ _ \ \ \ \
( ( )\___ | '_ | '_| | '_ \/ _` | \ \ \ \
 \\/  ___)| |_)| | | | | || (_| |  ) ) ) )
  '  |____| .__|_| |_|_| |_\__, | / / / /
 =========|_|==============|___/=/_/_/_/
 :: Spring Boot ::        (v1.3.5.RELEASE)

2016-11-03 12:27:33.982  INFO 10872 --- [           main] io.swagger.Swagger2SpringBoot            : Starting Swagger2SpringBoot v1.0.0 on ADMINIB-1BSIUB5 with PID 10872 (C:\finkit_workspace\watson-poc\target\swagger-spring-1.0.0.jar started by IBM in C:\finkit_workspace\watson-poc)
2016-11-03 12:27:33.988  INFO 10872 --- [           main] io.swagger.Swagger2SpringBoot            : No active profile set, falling back to default profiles: default
2016-11-03 12:27:34.132  INFO 10872 --- [           main] ationConfigEmbeddedWebApplicationContext : Refreshing org.springframework.boot.context.embedded.AnnotationConfigEmbeddedWebApplicationContext@606e7a0e: startup date [Thu Nov 03 12:27:34 IST 2016]; root of context hierarchy
2016-11-03 12:27:37.854  INFO 10872 --- [           main] s.b.c.e.t.TomcatEmbeddedServletContainer : Tomcat initialized with port(s): 8080 (http)
2016-11-03 12:27:37.877  INFO 10872 --- [           main] o.apache.catalina.core.StandardService   : Starting service Tomcat
2016-11-03 12:27:37.878  INFO 10872 --- [           main] org.apache.catalina.core.StandardEngine  : Starting Servlet Engine: Apache Tomcat/8.0.33
2016-11-03 12:27:37.916  WARN 10872 --- [ost-startStop-1] o.a.catalina.util.LifecycleMBeanBase     : Failed to register object [StandardEngine[Tomcat].StandardHost[localhost].StandardContext[/localhost:8080]] with name [StandardEngine[Tomcat].StandardHost[localhost].StandardContext[/localhost:8080]] during component initialisation

javax.management.MalformedObjectNameException: Invalid character ':' in value part of property
	at javax.management.ObjectName.construct(Unknown Source) ~[na:1.8.0_101]
	at javax.management.ObjectName.<init>(Unknown Source) ~[na:1.8.0_101]
	at org.apache.catalina.util.LifecycleMBeanBase.register(LifecycleMBeanBase.java:159) [tomcat-embed-core-8.0.33.jar!/:8.0.33]
	at org.apache.catalina.util.LifecycleMBeanBase.initInternal(LifecycleMBeanBase.java:61) [tomcat-embed-core-8.0.33.jar!/:8.0.33]
	at org.apache.catalina.core.ContainerBase.initInternal(ContainerBase.java:882) [tomcat-embed-core-8.0.33.jar!/:8.0.33]
	at org.apache.catalina.core.StandardContext.initInternal(StandardContext.java:6331) [tomcat-embed-core-8.0.33.jar!/:8.0.33]
	at org.apache.catalina.util.LifecycleBase.init(LifecycleBase.java:102) [tomcat-embed-core-8.0.33.jar!/:8.0.33]
	at org.apache.catalina.util.LifecycleBase.start(LifecycleBase.java:136) [tomcat-embed-core-8.0.33.jar!/:8.0.33]
	at org.apache.catalina.core.ContainerBase$StartChild.call(ContainerBase.java:1408) [tomcat-embed-core-8.0.33.jar!/:8.0.33]
	at org.apache.catalina.core.ContainerBase$StartChild.call(ContainerBase.java:1398) [tomcat-embed-core-8.0.33.jar!/:8.0.33]
	at java.util.concurrent.FutureTask.run(Unknown Source) [na:1.8.0_101]
	at java.util.concurrent.ThreadPoolExecutor.runWorker(Unknown Source) [na:1.8.0_101]
	at java.util.concurrent.ThreadPoolExecutor$Worker.run(Unknown Source) [na:1.8.0_101]
	at java.lang.Thread.run(Unknown Source) [na:1.8.0_101]

2016-11-03 12:27:37.928  WARN 10872 --- [ost-startStop-1] o.a.catalina.util.LifecycleMBeanBase     : Failed to register object [org.apache.catalina.webresources.StandardRoot@756c39ef] with name [org.apache.catalina.webresources.StandardRoot@756c39ef] during component initialisation

javax.management.MalformedObjectNameException: Invalid character ':' in value part of property
	at javax.management.ObjectName.construct(Unknown Source) ~[na:1.8.0_101]
	at javax.management.ObjectName.<init>(Unknown Source) ~[na:1.8.0_101]
	at org.apache.catalina.util.LifecycleMBeanBase.register(LifecycleMBeanBase.java:159) [tomcat-embed-core-8.0.33.jar!/:8.0.33]
	at org.apache.catalina.util.LifecycleMBeanBase.initInternal(LifecycleMBeanBase.java:61) [tomcat-embed-core-8.0.33.jar!/:8.0.33]
	at org.apache.catalina.webresources.StandardRoot.initInternal(StandardRoot.java:656) [tomcat-embed-core-8.0.33.jar!/:8.0.33]
	at org.apache.catalina.util.LifecycleBase.init(LifecycleBase.java:102) [tomcat-embed-core-8.0.33.jar!/:8.0.33]
	at org.apache.catalina.util.LifecycleBase.start(LifecycleBase.java:136) [tomcat-embed-core-8.0.33.jar!/:8.0.33]
	at org.apache.catalina.core.StandardContext.resourcesStart(StandardContext.java:4927) [tomcat-embed-core-8.0.33.jar!/:8.0.33]
	at org.apache.catalina.core.StandardContext.startInternal(StandardContext.java:5057) [tomcat-embed-core-8.0.33.jar!/:8.0.33]
	at org.apache.catalina.util.LifecycleBase.start(LifecycleBase.java:147) [tomcat-embed-core-8.0.33.jar!/:8.0.33]
	at org.apache.catalina.core.ContainerBase$StartChild.call(ContainerBase.java:1408) [tomcat-embed-core-8.0.33.jar!/:8.0.33]
	at org.apache.catalina.core.ContainerBase$StartChild.call(ContainerBase.java:1398) [tomcat-embed-core-8.0.33.jar!/:8.0.33]
	at java.util.concurrent.FutureTask.run(Unknown Source) [na:1.8.0_101]
	at java.util.concurrent.ThreadPoolExecutor.runWorker(Unknown Source) [na:1.8.0_101]
	at java.util.concurrent.ThreadPoolExecutor$Worker.run(Unknown Source) [na:1.8.0_101]
	at java.lang.Thread.run(Unknown Source) [na:1.8.0_101]

2016-11-03 12:27:37.929  WARN 10872 --- [ost-startStop-1] o.a.catalina.util.LifecycleMBeanBase     : Failed to register object [org.apache.catalina.webresources.Cache@7153a39a] with name [org.apache.catalina.webresources.Cache@7153a39a] during component initialisation

javax.management.MalformedObjectNameException: Invalid character ':' in value part of property
	at javax.management.ObjectName.construct(Unknown Source) ~[na:1.8.0_101]
	at javax.management.ObjectName.<init>(Unknown Source) ~[na:1.8.0_101]
	at org.apache.catalina.util.LifecycleMBeanBase.register(LifecycleMBeanBase.java:159) ~[tomcat-embed-core-8.0.33.jar!/:8.0.33]
	at org.apache.catalina.webresources.StandardRoot.initInternal(StandardRoot.java:658) [tomcat-embed-core-8.0.33.jar!/:8.0.33]
	at org.apache.catalina.util.LifecycleBase.init(LifecycleBase.java:102) [tomcat-embed-core-8.0.33.jar!/:8.0.33]
	at org.apache.catalina.util.LifecycleBase.start(LifecycleBase.java:136) [tomcat-embed-core-8.0.33.jar!/:8.0.33]
	at org.apache.catalina.core.StandardContext.resourcesStart(StandardContext.java:4927) [tomcat-embed-core-8.0.33.jar!/:8.0.33]
	at org.apache.catalina.core.StandardContext.startInternal(StandardContext.java:5057) [tomcat-embed-core-8.0.33.jar!/:8.0.33]
	at org.apache.catalina.util.LifecycleBase.start(LifecycleBase.java:147) [tomcat-embed-core-8.0.33.jar!/:8.0.33]
	at org.apache.catalina.core.ContainerBase$StartChild.call(ContainerBase.java:1408) [tomcat-embed-core-8.0.33.jar!/:8.0.33]
	at org.apache.catalina.core.ContainerBase$StartChild.call(ContainerBase.java:1398) [tomcat-embed-core-8.0.33.jar!/:8.0.33]
	at java.util.concurrent.FutureTask.run(Unknown Source) [na:1.8.0_101]
	at java.util.concurrent.ThreadPoolExecutor.runWorker(Unknown Source) [na:1.8.0_101]
	at java.util.concurrent.ThreadPoolExecutor$Worker.run(Unknown Source) [na:1.8.0_101]
	at java.lang.Thread.run(Unknown Source) [na:1.8.0_101]

2016-11-03 12:27:37.957  WARN 10872 --- [ost-startStop-1] o.apache.catalina.core.StandardContext   : Failed to create work directory [C:\Users\IBM_ADMIN\AppData\Local\Temp\tomcat.6931122095996647053.8080\work\Tomcat\localhost\localhost:8080] for context [/localhost:8080]
2016-11-03 12:27:37.988  WARN 10872 --- [ost-startStop-1] o.a.catalina.util.LifecycleMBeanBase     : Failed to register object [WebappLoader[/localhost:8080]] with name [WebappLoader[/localhost:8080]] during component initialisation

javax.management.MalformedObjectNameException: Invalid character ':' in value part of property
	at javax.management.ObjectName.construct(Unknown Source) ~[na:1.8.0_101]
	at javax.management.ObjectName.<init>(Unknown Source) ~[na:1.8.0_101]
	at org.apache.catalina.util.LifecycleMBeanBase.register(LifecycleMBeanBase.java:159) [tomcat-embed-core-8.0.33.jar!/:8.0.33]
	at org.apache.catalina.util.LifecycleMBeanBase.initInternal(LifecycleMBeanBase.java:61) [tomcat-embed-core-8.0.33.jar!/:8.0.33]
	at org.apache.catalina.util.LifecycleBase.init(LifecycleBase.java:102) [tomcat-embed-core-8.0.33.jar!/:8.0.33]
	at org.apache.catalina.util.LifecycleBase.start(LifecycleBase.java:136) [tomcat-embed-core-8.0.33.jar!/:8.0.33]
	at org.apache.catalina.core.StandardContext.startInternal(StandardContext.java:5122) [tomcat-embed-core-8.0.33.jar!/:8.0.33]
	at org.apache.catalina.util.LifecycleBase.start(LifecycleBase.java:147) [tomcat-embed-core-8.0.33.jar!/:8.0.33]
	at org.apache.catalina.core.ContainerBase$StartChild.call(ContainerBase.java:1408) [tomcat-embed-core-8.0.33.jar!/:8.0.33]
	at org.apache.catalina.core.ContainerBase$StartChild.call(ContainerBase.java:1398) [tomcat-embed-core-8.0.33.jar!/:8.0.33]
	at java.util.concurrent.FutureTask.run(Unknown Source) [na:1.8.0_101]
	at java.util.concurrent.ThreadPoolExecutor.runWorker(Unknown Source) [na:1.8.0_101]
	at java.util.concurrent.ThreadPoolExecutor$Worker.run(Unknown Source) [na:1.8.0_101]
	at java.lang.Thread.run(Unknown Source) [na:1.8.0_101]

2016-11-03 12:27:38.005 ERROR 10872 --- [ost-startStop-1] org.apache.catalina.loader.WebappLoader  : LifecycleException 

javax.management.MalformedObjectNameException: Invalid character ':' in value part of property
	at javax.management.ObjectName.construct(Unknown Source) ~[na:1.8.0_101]
	at javax.management.ObjectName.<init>(Unknown Source) ~[na:1.8.0_101]
	at org.apache.catalina.loader.WebappLoader.startInternal(WebappLoader.java:407) ~[tomcat-embed-core-8.0.33.jar!/:8.0.33]
	at org.apache.catalina.util.LifecycleBase.start(LifecycleBase.java:147) [tomcat-embed-core-8.0.33.jar!/:8.0.33]
	at org.apache.catalina.core.StandardContext.startInternal(StandardContext.java:5122) [tomcat-embed-core-8.0.33.jar!/:8.0.33]
	at org.apache.catalina.util.LifecycleBase.start(LifecycleBase.java:147) [tomcat-embed-core-8.0.33.jar!/:8.0.33]
	at org.apache.catalina.core.ContainerBase$StartChild.call(ContainerBase.java:1408) [tomcat-embed-core-8.0.33.jar!/:8.0.33]
	at org.apache.catalina.core.ContainerBase$StartChild.call(ContainerBase.java:1398) [tomcat-embed-core-8.0.33.jar!/:8.0.33]
	at java.util.concurrent.FutureTask.run(Unknown Source) [na:1.8.0_101]
	at java.util.concurrent.ThreadPoolExecutor.runWorker(Unknown Source) [na:1.8.0_101]
	at java.util.concurrent.ThreadPoolExecutor$Worker.run(Unknown Source) [na:1.8.0_101]
	at java.lang.Thread.run(Unknown Source) [na:1.8.0_101]

2016-11-03 12:27:38.007 ERROR 10872 --- [cat-startStop-1] org.apache.catalina.core.ContainerBase   : A child container failed during start

java.util.concurrent.ExecutionException: org.apache.catalina.LifecycleException: Failed to start component [StandardEngine[Tomcat].StandardHost[localhost].StandardContext[/localhost:8080]]
	at java.util.concurrent.FutureTask.report(Unknown Source) [na:1.8.0_101]
	at java.util.concurrent.FutureTask.get(Unknown Source) [na:1.8.0_101]
	at org.apache.catalina.core.ContainerBase.startInternal(ContainerBase.java:916) ~[tomcat-embed-core-8.0.33.jar!/:8.0.33]
	at org.apache.catalina.core.StandardHost.startInternal(StandardHost.java:871) [tomcat-embed-core-8.0.33.jar!/:8.0.33]
	at org.apache.catalina.util.LifecycleBase.start(LifecycleBase.java:147) [tomcat-embed-core-8.0.33.jar!/:8.0.33]
	at org.apache.catalina.core.ContainerBase$StartChild.call(ContainerBase.java:1408) [tomcat-embed-core-8.0.33.jar!/:8.0.33]
	at org.apache.catalina.core.ContainerBase$StartChild.call(ContainerBase.java:1398) [tomcat-embed-core-8.0.33.jar!/:8.0.33]
	at java.util.concurrent.FutureTask.run(Unknown Source) [na:1.8.0_101]
	at java.util.concurrent.ThreadPoolExecutor.runWorker(Unknown Source) [na:1.8.0_101]
	at java.util.concurrent.ThreadPoolExecutor$Worker.run(Unknown Source) [na:1.8.0_101]
	at java.lang.Thread.run(Unknown Source) [na:1.8.0_101]
Caused by: org.apache.catalina.LifecycleException: Failed to start component [StandardEngine[Tomcat].StandardHost[localhost].StandardContext[/localhost:8080]]
	at org.apache.catalina.util.LifecycleBase.start(LifecycleBase.java:153) [tomcat-embed-core-8.0.33.jar!/:8.0.33]
	... 6 common frames omitted
Caused by: org.apache.catalina.LifecycleException: Failed to start component [WebappLoader[/localhost:8080]]
	at org.apache.catalina.util.LifecycleBase.start(LifecycleBase.java:153) [tomcat-embed-core-8.0.33.jar!/:8.0.33]
	at org.apache.catalina.core.StandardContext.startInternal(StandardContext.java:5122) ~[tomcat-embed-core-8.0.33.jar!/:8.0.33]
	at org.apache.catalina.util.LifecycleBase.start(LifecycleBase.java:147) [tomcat-embed-core-8.0.33.jar!/:8.0.33]
	... 6 common frames omitted
Caused by: org.apache.catalina.LifecycleException: start: 
	at org.apache.catalina.loader.WebappLoader.startInternal(WebappLoader.java:417) ~[tomcat-embed-core-8.0.33.jar!/:8.0.33]
	at org.apache.catalina.util.LifecycleBase.start(LifecycleBase.java:147) [tomcat-embed-core-8.0.33.jar!/:8.0.33]
	... 8 common frames omitted
Caused by: javax.management.MalformedObjectNameException: Invalid character ':' in value part of property
	at javax.management.ObjectName.construct(Unknown Source) ~[na:1.8.0_101]
	at javax.management.ObjectName.<init>(Unknown Source) ~[na:1.8.0_101]
	at org.apache.catalina.loader.WebappLoader.startInternal(WebappLoader.java:407) ~[tomcat-embed-core-8.0.33.jar!/:8.0.33]
	... 9 common frames omitted

2016-11-03 12:27:38.010 ERROR 10872 --- [           main] org.apache.catalina.core.ContainerBase   : A child container failed during start

java.util.concurrent.ExecutionException: org.apache.catalina.LifecycleException: Failed to start component [StandardEngine[Tomcat].StandardHost[localhost]]
	at java.util.concurrent.FutureTask.report(Unknown Source) ~[na:1.8.0_101]
	at java.util.concurrent.FutureTask.get(Unknown Source) ~[na:1.8.0_101]
	at org.apache.catalina.core.ContainerBase.startInternal(ContainerBase.java:916) ~[tomcat-embed-core-8.0.33.jar!/:8.0.33]
	at org.apache.catalina.core.StandardEngine.startInternal(StandardEngine.java:262) [tomcat-embed-core-8.0.33.jar!/:8.0.33]
	at org.apache.catalina.util.LifecycleBase.start(LifecycleBase.java:147) [tomcat-embed-core-8.0.33.jar!/:8.0.33]
	at org.apache.catalina.core.StandardService.startInternal(StandardService.java:441) [tomcat-embed-core-8.0.33.jar!/:8.0.33]
	at org.apache.catalina.util.LifecycleBase.start(LifecycleBase.java:147) [tomcat-embed-core-8.0.33.jar!/:8.0.33]
	at org.apache.catalina.core.StandardServer.startInternal(StandardServer.java:787) [tomcat-embed-core-8.0.33.jar!/:8.0.33]
	at org.apache.catalina.util.LifecycleBase.start(LifecycleBase.java:147) [tomcat-embed-core-8.0.33.jar!/:8.0.33]
	at org.apache.catalina.startup.Tomcat.start(Tomcat.java:346) [tomcat-embed-core-8.0.33.jar!/:8.0.33]
	at org.springframework.boot.context.embedded.tomcat.TomcatEmbeddedServletContainer.initialize(TomcatEmbeddedServletContainer.java:89) [spring-boot-1.3.5.RELEASE.jar!/:1.3.5.RELEASE]
	at org.springframework.boot.context.embedded.tomcat.TomcatEmbeddedServletContainer.<init>(TomcatEmbeddedServletContainer.java:76) [spring-boot-1.3.5.RELEASE.jar!/:1.3.5.RELEASE]
	at org.springframework.boot.context.embedded.tomcat.TomcatEmbeddedServletContainerFactory.getTomcatEmbeddedServletContainer(TomcatEmbeddedServletContainerFactory.java:457) [spring-boot-1.3.5.RELEASE.jar!/:1.3.5.RELEASE]
	at org.springframework.boot.context.embedded.tomcat.TomcatEmbeddedServletContainerFactory.getEmbeddedServletContainer(TomcatEmbeddedServletContainerFactory.java:168) [spring-boot-1.3.5.RELEASE.jar!/:1.3.5.RELEASE]
	at org.springframework.boot.context.embedded.EmbeddedWebApplicationContext.createEmbeddedServletContainer(EmbeddedWebApplicationContext.java:160) [spring-boot-1.3.5.RELEASE.jar!/:1.3.5.RELEASE]
	at org.springframework.boot.context.embedded.EmbeddedWebApplicationContext.onRefresh(EmbeddedWebApplicationContext.java:130) [spring-boot-1.3.5.RELEASE.jar!/:1.3.5.RELEASE]
	at org.springframework.context.support.AbstractApplicationContext.refresh(AbstractApplicationContext.java:532) [spring-context-4.2.6.RELEASE.jar!/:4.2.6.RELEASE]
	at org.springframework.boot.context.embedded.EmbeddedWebApplicationContext.refresh(EmbeddedWebApplicationContext.java:118) [spring-boot-1.3.5.RELEASE.jar!/:1.3.5.RELEASE]
	at org.springframework.boot.SpringApplication.refresh(SpringApplication.java:766) [spring-boot-1.3.5.RELEASE.jar!/:1.3.5.RELEASE]
	at org.springframework.boot.SpringApplication.createAndRefreshContext(SpringApplication.java:361) [spring-boot-1.3.5.RELEASE.jar!/:1.3.5.RELEASE]
	at org.springframework.boot.SpringApplication.run(SpringApplication.java:307) [spring-boot-1.3.5.RELEASE.jar!/:1.3.5.RELEASE]
	at io.swagger.Swagger2SpringBoot.main(Swagger2SpringBoot.java:24) [swagger-spring-1.0.0.jar!/:1.0.0]
	at sun.reflect.NativeMethodAccessorImpl.invoke0(Native Method) ~[na:1.8.0_101]
	at sun.reflect.NativeMethodAccessorImpl.invoke(Unknown Source) ~[na:1.8.0_101]
	at sun.reflect.DelegatingMethodAccessorImpl.invoke(Unknown Source) ~[na:1.8.0_101]
	at java.lang.reflect.Method.invoke(Unknown Source) ~[na:1.8.0_101]
	at org.springframework.boot.loader.MainMethodRunner.run(MainMethodRunner.java:54) [swagger-spring-1.0.0.jar!/:1.0.0]
	at java.lang.Thread.run(Unknown Source) [na:1.8.0_101]
Caused by: org.apache.catalina.LifecycleException: Failed to start component [StandardEngine[Tomcat].StandardHost[localhost]]
	at org.apache.catalina.util.LifecycleBase.start(LifecycleBase.java:153) [tomcat-embed-core-8.0.33.jar!/:8.0.33]
	at org.apache.catalina.core.ContainerBase$StartChild.call(ContainerBase.java:1408) ~[tomcat-embed-core-8.0.33.jar!/:8.0.33]
	at org.apache.catalina.core.ContainerBase$StartChild.call(ContainerBase.java:1398) ~[tomcat-embed-core-8.0.33.jar!/:8.0.33]
	at java.util.concurrent.FutureTask.run(Unknown Source) ~[na:1.8.0_101]
	at java.util.concurrent.ThreadPoolExecutor.runWorker(Unknown Source) ~[na:1.8.0_101]
	at java.util.concurrent.ThreadPoolExecutor$Worker.run(Unknown Source) ~[na:1.8.0_101]
	... 1 common frames omitted
Caused by: org.apache.catalina.LifecycleException: A child container failed during start
	at org.apache.catalina.core.ContainerBase.startInternal(ContainerBase.java:924) ~[tomcat-embed-core-8.0.33.jar!/:8.0.33]
	at org.apache.catalina.core.StandardHost.startInternal(StandardHost.java:871) ~[tomcat-embed-core-8.0.33.jar!/:8.0.33]
	at org.apache.catalina.util.LifecycleBase.start(LifecycleBase.java:147) [tomcat-embed-core-8.0.33.jar!/:8.0.33]
	... 6 common frames omitted

2016-11-03 12:27:38.011  WARN 10872 --- [           main] ationConfigEmbeddedWebApplicationContext : Exception encountered during context initialization - cancelling refresh attempt: org.springframework.context.ApplicationContextException: Unable to start embedded container; nested exception is org.springframework.boot.context.embedded.EmbeddedServletContainerException: Unable to start embedded Tomcat
2016-11-03 12:27:38.016 ERROR 10872 --- [           main] o.s.boot.SpringApplication               : Application startup failed

org.springframework.context.ApplicationContextException: Unable to start embedded container; nested exception is org.springframework.boot.context.embedded.EmbeddedServletContainerException: Unable to start embedded Tomcat
	at org.springframework.boot.context.embedded.EmbeddedWebApplicationContext.onRefresh(EmbeddedWebApplicationContext.java:133) ~[spring-boot-1.3.5.RELEASE.jar!/:1.3.5.RELEASE]
	at org.springframework.context.support.AbstractApplicationContext.refresh(AbstractApplicationContext.java:532) ~[spring-context-4.2.6.RELEASE.jar!/:4.2.6.RELEASE]
	at org.springframework.boot.context.embedded.EmbeddedWebApplicationContext.refresh(EmbeddedWebApplicationContext.java:118) ~[spring-boot-1.3.5.RELEASE.jar!/:1.3.5.RELEASE]
	at org.springframework.boot.SpringApplication.refresh(SpringApplication.java:766) ~[spring-boot-1.3.5.RELEASE.jar!/:1.3.5.RELEASE]
	at org.springframework.boot.SpringApplication.createAndRefreshContext(SpringApplication.java:361) ~[spring-boot-1.3.5.RELEASE.jar!/:1.3.5.RELEASE]
	at org.springframework.boot.SpringApplication.run(SpringApplication.java:307) ~[spring-boot-1.3.5.RELEASE.jar!/:1.3.5.RELEASE]
	at io.swagger.Swagger2SpringBoot.main(Swagger2SpringBoot.java:24) [swagger-spring-1.0.0.jar!/:1.0.0]
	at sun.reflect.NativeMethodAccessorImpl.invoke0(Native Method) ~[na:1.8.0_101]
	at sun.reflect.NativeMethodAccessorImpl.invoke(Unknown Source) ~[na:1.8.0_101]
	at sun.reflect.DelegatingMethodAccessorImpl.invoke(Unknown Source) ~[na:1.8.0_101]
	at java.lang.reflect.Method.invoke(Unknown Source) ~[na:1.8.0_101]
	at org.springframework.boot.loader.MainMethodRunner.run(MainMethodRunner.java:54) [swagger-spring-1.0.0.jar!/:1.0.0]
	at java.lang.Thread.run(Unknown Source) [na:1.8.0_101]
Caused by: org.springframework.boot.context.embedded.EmbeddedServletContainerException: Unable to start embedded Tomcat
	at org.springframework.boot.context.embedded.tomcat.TomcatEmbeddedServletContainer.initialize(TomcatEmbeddedServletContainer.java:99) ~[spring-boot-1.3.5.RELEASE.jar!/:1.3.5.RELEASE]
	at org.springframework.boot.context.embedded.tomcat.TomcatEmbeddedServletContainer.<init>(TomcatEmbeddedServletContainer.java:76) ~[spring-boot-1.3.5.RELEASE.jar!/:1.3.5.RELEASE]
	at org.springframework.boot.context.embedded.tomcat.TomcatEmbeddedServletContainerFactory.getTomcatEmbeddedServletContainer(TomcatEmbeddedServletContainerFactory.java:457) ~[spring-boot-1.3.5.RELEASE.jar!/:1.3.5.RELEASE]
	at org.springframework.boot.context.embedded.tomcat.TomcatEmbeddedServletContainerFactory.getEmbeddedServletContainer(TomcatEmbeddedServletContainerFactory.java:168) ~[spring-boot-1.3.5.RELEASE.jar!/:1.3.5.RELEASE]
	at org.springframework.boot.context.embedded.EmbeddedWebApplicationContext.createEmbeddedServletContainer(EmbeddedWebApplicationContext.java:160) ~[spring-boot-1.3.5.RELEASE.jar!/:1.3.5.RELEASE]
	at org.springframework.boot.context.embedded.EmbeddedWebApplicationContext.onRefresh(EmbeddedWebApplicationContext.java:130) ~[spring-boot-1.3.5.RELEASE.jar!/:1.3.5.RELEASE]
	... 12 common frames omitted
Caused by: org.apache.catalina.LifecycleException: Failed to start component [StandardServer[-1]]
	at org.apache.catalina.util.LifecycleBase.start(LifecycleBase.java:153) ~[tomcat-embed-core-8.0.33.jar!/:8.0.33]
	at org.apache.catalina.startup.Tomcat.start(Tomcat.java:346) ~[tomcat-embed-core-8.0.33.jar!/:8.0.33]
	at org.springframework.boot.context.embedded.tomcat.TomcatEmbeddedServletContainer.initialize(TomcatEmbeddedServletContainer.java:89) ~[spring-boot-1.3.5.RELEASE.jar!/:1.3.5.RELEASE]
	... 17 common frames omitted
Caused by: org.apache.catalina.LifecycleException: Failed to start component [StandardService[Tomcat]]
	at org.apache.catalina.util.LifecycleBase.start(LifecycleBase.java:153) ~[tomcat-embed-core-8.0.33.jar!/:8.0.33]
	at org.apache.catalina.core.StandardServer.startInternal(StandardServer.java:787) ~[tomcat-embed-core-8.0.33.jar!/:8.0.33]
	at org.apache.catalina.util.LifecycleBase.start(LifecycleBase.java:147) ~[tomcat-embed-core-8.0.33.jar!/:8.0.33]
	... 19 common frames omitted
Caused by: org.apache.catalina.LifecycleException: Failed to start component [StandardEngine[Tomcat]]
	at org.apache.catalina.util.LifecycleBase.start(LifecycleBase.java:153) ~[tomcat-embed-core-8.0.33.jar!/:8.0.33]
	at org.apache.catalina.core.StandardService.startInternal(StandardService.java:441) ~[tomcat-embed-core-8.0.33.jar!/:8.0.33]
	at org.apache.catalina.util.LifecycleBase.start(LifecycleBase.java:147) ~[tomcat-embed-core-8.0.33.jar!/:8.0.33]
	... 21 common frames omitted
Caused by: org.apache.catalina.LifecycleException: A child container failed during start
	at org.apache.catalina.core.ContainerBase.startInternal(ContainerBase.java:924) ~[tomcat-embed-core-8.0.33.jar!/:8.0.33]
	at org.apache.catalina.core.StandardEngine.startInternal(StandardEngine.java:262) ~[tomcat-embed-core-8.0.33.jar!/:8.0.33]
	at org.apache.catalina.util.LifecycleBase.start(LifecycleBase.java:147) ~[tomcat-embed-core-8.0.33.jar!/:8.0.33]
	... 23 common frames omitted

2016-11-03 12:27:38.019  INFO 10872 --- [           main] .b.l.ClasspathLoggingApplicationListener : Application failed to start with classpath: [jar:file:/C:/finkit_workspace/watson-poc/target/swagger-spring-1.0.0.jar!/, jar:file:/C:/finkit_workspace/watson-poc/target/swagger-spring-1.0.0.jar!/lib/spring-boot-starter-web-1.3.5.RELEASE.jar!/, jar:file:/C:/finkit_workspace/watson-poc/target/swagger-spring-1.0.0.jar!/lib/spring-boot-starter-1.3.5.RELEASE.jar!/, jar:file:/C:/finkit_workspace/watson-poc/target/swagger-spring-1.0.0.jar!/lib/spring-boot-1.3.5.RELEASE.jar!/, jar:file:/C:/finkit_workspace/watson-poc/target/swagger-spring-1.0.0.jar!/lib/spring-boot-autoconfigure-1.3.5.RELEASE.jar!/, jar:file:/C:/finkit_workspace/watson-poc/target/swagger-spring-1.0.0.jar!/lib/spring-boot-starter-logging-1.3.5.RELEASE.jar!/, jar:file:/C:/finkit_workspace/watson-poc/target/swagger-spring-1.0.0.jar!/lib/logback-classic-1.1.7.jar!/, jar:file:/C:/finkit_workspace/watson-poc/target/swagger-spring-1.0.0.jar!/lib/logback-core-1.1.7.jar!/, jar:file:/C:/finkit_workspace/watson-poc/target/swagger-spring-1.0.0.jar!/lib/jcl-over-slf4j-1.7.21.jar!/, jar:file:/C:/finkit_workspace/watson-poc/target/swagger-spring-1.0.0.jar!/lib/jul-to-slf4j-1.7.21.jar!/, jar:file:/C:/finkit_workspace/watson-poc/target/swagger-spring-1.0.0.jar!/lib/log4j-over-slf4j-1.7.21.jar!/, jar:file:/C:/finkit_workspace/watson-poc/target/swagger-spring-1.0.0.jar!/lib/spring-core-4.2.6.RELEASE.jar!/, jar:file:/C:/finkit_workspace/watson-poc/target/swagger-spring-1.0.0.jar!/lib/snakeyaml-1.16.jar!/, jar:file:/C:/finkit_workspace/watson-poc/target/swagger-spring-1.0.0.jar!/lib/spring-boot-starter-validation-1.3.5.RELEASE.jar!/, jar:file:/C:/finkit_workspace/watson-poc/target/swagger-spring-1.0.0.jar!/lib/hibernate-validator-5.2.4.Final.jar!/, jar:file:/C:/finkit_workspace/watson-poc/target/swagger-spring-1.0.0.jar!/lib/validation-api-1.1.0.Final.jar!/, jar:file:/C:/finkit_workspace/watson-poc/target/swagger-spring-1.0.0.jar!/lib/jboss-logging-3.3.0.Final.jar!/, jar:file:/C:/finkit_workspace/watson-poc/target/swagger-spring-1.0.0.jar!/lib/jackson-databind-2.6.6.jar!/, jar:file:/C:/finkit_workspace/watson-poc/target/swagger-spring-1.0.0.jar!/lib/spring-web-4.2.6.RELEASE.jar!/, jar:file:/C:/finkit_workspace/watson-poc/target/swagger-spring-1.0.0.jar!/lib/spring-aop-4.2.6.RELEASE.jar!/, jar:file:/C:/finkit_workspace/watson-poc/target/swagger-spring-1.0.0.jar!/lib/aopalliance-1.0.jar!/, jar:file:/C:/finkit_workspace/watson-poc/target/swagger-spring-1.0.0.jar!/lib/spring-beans-4.2.6.RELEASE.jar!/, jar:file:/C:/finkit_workspace/watson-poc/target/swagger-spring-1.0.0.jar!/lib/spring-context-4.2.6.RELEASE.jar!/, jar:file:/C:/finkit_workspace/watson-poc/target/swagger-spring-1.0.0.jar!/lib/spring-webmvc-4.2.6.RELEASE.jar!/, jar:file:/C:/finkit_workspace/watson-poc/target/swagger-spring-1.0.0.jar!/lib/spring-expression-4.2.6.RELEASE.jar!/, jar:file:/C:/finkit_workspace/watson-poc/target/swagger-spring-1.0.0.jar!/lib/spring-boot-starter-tomcat-1.3.5.RELEASE.jar!/, jar:file:/C:/finkit_workspace/watson-poc/target/swagger-spring-1.0.0.jar!/lib/tomcat-embed-core-8.0.33.jar!/, jar:file:/C:/finkit_workspace/watson-poc/target/swagger-spring-1.0.0.jar!/lib/tomcat-embed-el-8.0.33.jar!/, jar:file:/C:/finkit_workspace/watson-poc/target/swagger-spring-1.0.0.jar!/lib/tomcat-embed-logging-juli-8.0.33.jar!/, jar:file:/C:/finkit_workspace/watson-poc/target/swagger-spring-1.0.0.jar!/lib/tomcat-embed-websocket-8.0.33.jar!/, jar:file:/C:/finkit_workspace/watson-poc/target/swagger-spring-1.0.0.jar!/lib/springfox-swagger2-2.5.0.jar!/, jar:file:/C:/finkit_workspace/watson-poc/target/swagger-spring-1.0.0.jar!/lib/swagger-annotations-1.5.9.jar!/, jar:file:/C:/finkit_workspace/watson-poc/target/swagger-spring-1.0.0.jar!/lib/swagger-models-1.5.9.jar!/, jar:file:/C:/finkit_workspace/watson-poc/target/swagger-spring-1.0.0.jar!/lib/springfox-spi-2.5.0.jar!/, jar:file:/C:/finkit_workspace/watson-poc/target/swagger-spring-1.0.0.jar!/lib/springfox-core-2.5.0.jar!/, jar:file:/C:/finkit_workspace/watson-poc/target/swagger-spring-1.0.0.jar!/lib/springfox-schema-2.5.0.jar!/, jar:file:/C:/finkit_workspace/watson-poc/target/swagger-spring-1.0.0.jar!/lib/springfox-swagger-common-2.5.0.jar!/, jar:file:/C:/finkit_workspace/watson-poc/target/swagger-spring-1.0.0.jar!/lib/springfox-spring-web-2.5.0.jar!/, jar:file:/C:/finkit_workspace/watson-poc/target/swagger-spring-1.0.0.jar!/lib/guava-18.0.jar!/, jar:file:/C:/finkit_workspace/watson-poc/target/swagger-spring-1.0.0.jar!/lib/classmate-1.3.1.jar!/, jar:file:/C:/finkit_workspace/watson-poc/target/swagger-spring-1.0.0.jar!/lib/slf4j-api-1.7.21.jar!/, jar:file:/C:/finkit_workspace/watson-poc/target/swagger-spring-1.0.0.jar!/lib/spring-plugin-core-1.2.0.RELEASE.jar!/, jar:file:/C:/finkit_workspace/watson-poc/target/swagger-spring-1.0.0.jar!/lib/spring-plugin-metadata-1.2.0.RELEASE.jar!/, jar:file:/C:/finkit_workspace/watson-poc/target/swagger-spring-1.0.0.jar!/lib/mapstruct-1.0.0.Final.jar!/, jar:file:/C:/finkit_workspace/watson-poc/target/swagger-spring-1.0.0.jar!/lib/springfox-swagger-ui-2.5.0.jar!/, jar:file:/C:/finkit_workspace/watson-poc/target/swagger-spring-1.0.0.jar!/lib/jackson-datatype-joda-2.6.6.jar!/, jar:file:/C:/finkit_workspace/watson-poc/target/swagger-spring-1.0.0.jar!/lib/jackson-annotations-2.6.6.jar!/, jar:file:/C:/finkit_workspace/watson-poc/target/swagger-spring-1.0.0.jar!/lib/jackson-core-2.6.6.jar!/, jar:file:/C:/finkit_workspace/watson-poc/target/swagger-spring-1.0.0.jar!/lib/joda-time-2.8.2.jar!/]
